c:\users\bert hoeks\documents\applications\c++\oo programmeren 2\foutenzoeken\foutenzoeken\debug\vc141.pdb
c:\users\bert hoeks\documents\applications\c++\oo programmeren 2\foutenzoeken\foutenzoeken\debug\vc141.idb
c:\users\bert hoeks\documents\applications\c++\oo programmeren 2\foutenzoeken\foutenzoeken\debug\fout2.obj
c:\users\bert hoeks\documents\applications\c++\oo programmeren 2\foutenzoeken\foutenzoeken\debug\fout3.obj
c:\users\bert hoeks\documents\applications\c++\oo programmeren 2\foutenzoeken\foutenzoeken\debug\fout4.obj
c:\users\bert hoeks\documents\applications\c++\oo programmeren 2\foutenzoeken\foutenzoeken\debug\fout5.obj
c:\users\bert hoeks\documents\applications\c++\oo programmeren 2\foutenzoeken\foutenzoeken\debug\fout6.obj
c:\users\bert hoeks\documents\applications\c++\oo programmeren 2\foutenzoeken\foutenzoeken\debug\fout7.obj
c:\users\bert hoeks\documents\applications\c++\oo programmeren 2\foutenzoeken\foutenzoeken\debug\foutenzoeken.obj
c:\users\bert hoeks\documents\applications\c++\oo programmeren 2\foutenzoeken\foutenzoeken\debug\fout1.obj
c:\users\bert hoeks\documents\applications\c++\oo programmeren 2\foutenzoeken\foutenzoeken\debug\fout8.obj
c:\users\bert hoeks\documents\applications\c++\oo programmeren 2\foutenzoeken\debug\foutenzoeken.exe
c:\users\bert hoeks\documents\applications\c++\oo programmeren 2\foutenzoeken\debug\foutenzoeken.ilk
c:\users\bert hoeks\documents\applications\c++\oo programmeren 2\foutenzoeken\debug\foutenzoeken.pdb
c:\users\bert hoeks\documents\applications\c++\oo programmeren 2\foutenzoeken\foutenzoeken\debug\foutenzoeken.tlog\cl.command.1.tlog
c:\users\bert hoeks\documents\applications\c++\oo programmeren 2\foutenzoeken\foutenzoeken\debug\foutenzoeken.tlog\cl.read.1.tlog
c:\users\bert hoeks\documents\applications\c++\oo programmeren 2\foutenzoeken\foutenzoeken\debug\foutenzoeken.tlog\cl.write.1.tlog
c:\users\bert hoeks\documents\applications\c++\oo programmeren 2\foutenzoeken\foutenzoeken\debug\foutenzoeken.tlog\link.command.1.tlog
c:\users\bert hoeks\documents\applications\c++\oo programmeren 2\foutenzoeken\foutenzoeken\debug\foutenzoeken.tlog\link.read.1.tlog
c:\users\bert hoeks\documents\applications\c++\oo programmeren 2\foutenzoeken\foutenzoeken\debug\foutenzoeken.tlog\link.write.1.tlog
